This file contains any messages produced by compilers while
running configure, to aid debugging if configure makes a mistake.

It was created by dymo-cups-drivers configure 2.0.0.0, which was
generated by GNU Autoconf 2.71.  Invocation command line was

  $ ./configure --no-create --no-recursion

## --------- ##
## Platform. ##
## --------- ##

hostname = sujan-PC
uname -m = x86_64
uname -r = 6.8.0-31-generic
uname -s = Linux
uname -v = #31-Ubuntu SMP PREEMPT_DYNAMIC Sat Apr 20 00:40:06 UTC 2024

/usr/bin/uname -p = x86_64
/bin/uname -X     = unknown

/bin/arch              = x86_64
/usr/bin/arch -k       = unknown
/usr/convex/getsysinfo = unknown
/usr/bin/hostinfo      = unknown
/bin/machine           = unknown
/usr/bin/oslevel       = unknown
/bin/universe          = unknown

PATH: /usr/local/cuda-11.2/bin/
PATH: /home/sujan/anaconda3/bin/
PATH: /home/sujan/anaconda3/condabin/
PATH: /usr/local/sbin/
PATH: /usr/local/bin/
PATH: /usr/sbin/
PATH: /usr/bin/
PATH: /sbin/
PATH: /bin/
PATH: /usr/games/
PATH: /usr/local/games/
PATH: /snap/bin/


## ----------- ##
## Core tests. ##
## ----------- ##

configure:2617: looking for aux files: compile missing install-sh
configure:2630:  trying ./
configure:2659:   ./compile found
configure:2659:   ./missing found
configure:2641:   ./install-sh found
configure:2788: checking for a BSD-compatible install
configure:2861: result: /usr/bin/install -c
configure:2872: checking whether build environment is sane
configure:2927: result: yes
configure:2962: WARNING: 'missing' script is too old or missing
configure:3086: checking for a race-free mkdir -p
configure:3130: result: /usr/bin/mkdir -p
configure:3137: checking for gawk
configure:3172: result: no
configure:3137: checking for mawk
configure:3158: found /usr/bin/mawk
configure:3169: result: mawk
configure:3180: checking whether make sets $(MAKE)
configure:3203: result: yes
configure:3233: checking whether make supports nested variables
configure:3251: result: yes
configure:3411: checking for cups-config
configure:3434: found /usr/bin/cups-config
configure:3446: result: /usr/bin/cups-config
configure:3517: checking whether make supports the include directive
configure:3532: make -f confmf.GNU && cat confinc.out
make[1]: Entering directory '/home/sujan/Documents/Drivers/LW5xx_Linux'
make[1]: Leaving directory '/home/sujan/Documents/Drivers/LW5xx_Linux'
this is the am__doit target
configure:3535: $? = 0
configure:3554: result: yes (GNU style)
configure:3630: checking for gcc
configure:3651: found /usr/bin/gcc
configure:3662: result: gcc
configure:4015: checking for C compiler version
configure:4024: gcc --version >&5
gcc (Ubuntu 13.2.0-23ubuntu4) 13.2.0
Copyright (C) 2023 Free Software Foundation, Inc.
This is free software; see the source for copying conditions.  There is NO
warranty; not even for MERCHANTABILITY or FITNESS FOR A PARTICULAR PURPOSE.

configure:4035: $? = 0
configure:4024: gcc -v >&5
Using built-in specs.
COLLECT_GCC=gcc
COLLECT_LTO_WRAPPER=/usr/libexec/gcc/x86_64-linux-gnu/13/lto-wrapper
OFFLOAD_TARGET_NAMES=nvptx-none:amdgcn-amdhsa
OFFLOAD_TARGET_DEFAULT=1
Target: x86_64-linux-gnu
Configured with: ../src/configure -v --with-pkgversion='Ubuntu 13.2.0-23ubuntu4' --with-bugurl=file:///usr/share/doc/gcc-13/README.Bugs --enable-languages=c,ada,c++,go,d,fortran,objc,obj-c++,m2 --prefix=/usr --with-gcc-major-version-only --program-suffix=-13 --program-prefix=x86_64-linux-gnu- --enable-shared --enable-linker-build-id --libexecdir=/usr/libexec --without-included-gettext --enable-threads=posix --libdir=/usr/lib --enable-nls --enable-clocale=gnu --enable-libstdcxx-debug --enable-libstdcxx-time=yes --with-default-libstdcxx-abi=new --enable-libstdcxx-backtrace --enable-gnu-unique-object --disable-vtable-verify --enable-plugin --enable-default-pie --with-system-zlib --enable-libphobos-checking=release --with-target-system-zlib=auto --enable-objc-gc=auto --enable-multiarch --disable-werror --enable-cet --with-arch-32=i686 --with-abi=m64 --with-multilib-list=m32,m64,mx32 --enable-multilib --with-tune=generic --enable-offload-targets=nvptx-none=/build/gcc-13-uJ7kn6/gcc-13-13.2.0/debian/tmp-nvptx/usr,amdgcn-amdhsa=/build/gcc-13-uJ7kn6/gcc-13-13.2.0/debian/tmp-gcn/usr --enable-offload-defaulted --without-cuda-driver --enable-checking=release --build=x86_64-linux-gnu --host=x86_64-linux-gnu --target=x86_64-linux-gnu
Thread model: posix
Supported LTO compression algorithms: zlib zstd
gcc version 13.2.0 (Ubuntu 13.2.0-23ubuntu4) 
... rest of stderr output deleted ...
configure:4035: $? = 0
configure:4024: gcc -V >&5
gcc: error: unrecognized command-line option '-V'
gcc: fatal error: no input files
compilation terminated.
configure:4035: $? = 1
configure:4024: gcc -qversion >&5
gcc: error: unrecognized command-line option '-qversion'; did you mean '--version'?
gcc: fatal error: no input files
compilation terminated.
configure:4035: $? = 1
configure:4024: gcc -version >&5
gcc: error: unrecognized command-line option '-version'
gcc: fatal error: no input files
compilation terminated.
configure:4035: $? = 1
configure:4055: checking whether the C compiler works
configure:4077: gcc    conftest.c  >&5
configure:4081: $? = 0
configure:4131: result: yes
configure:4134: checking for C compiler default output file name
configure:4136: result: a.out
configure:4142: checking for suffix of executables
configure:4149: gcc -o conftest    conftest.c  >&5
configure:4153: $? = 0
configure:4176: result: 
configure:4198: checking whether we are cross compiling
configure:4206: gcc -o conftest    conftest.c  >&5
configure:4210: $? = 0
configure:4217: ./conftest
configure:4221: $? = 0
configure:4236: result: no
configure:4241: checking for suffix of object files
configure:4264: gcc -c   conftest.c >&5
configure:4268: $? = 0
configure:4290: result: o
configure:4294: checking whether the compiler supports GNU C
configure:4314: gcc -c   conftest.c >&5
configure:4314: $? = 0
configure:4324: result: yes
configure:4335: checking whether gcc accepts -g
configure:4356: gcc -c -g  conftest.c >&5
configure:4356: $? = 0
configure:4400: result: yes
configure:4420: checking for gcc option to enable C11 features
configure:4435: gcc  -c -g -O2  conftest.c >&5
configure:4435: $? = 0
configure:4453: result: none needed
configure:4569: checking whether gcc understands -c and -o together
configure:4592: gcc -c conftest.c -o conftest2.o
configure:4595: $? = 0
configure:4592: gcc -c conftest.c -o conftest2.o
configure:4595: $? = 0
configure:4607: result: yes
configure:4626: checking dependency style of gcc
configure:4738: result: gcc3
configure:4754: checking for cupsMarkOptions in -lcups
configure:4777: gcc -o conftest -g -O2   conftest.c -lcups   >&5
configure:4777: $? = 0
configure:4787: result: yes
configure:4799: checking for cupsRasterReadHeader in -lcupsimage
configure:4822: gcc -o conftest -g -O2   conftest.c -lcupsimage  -lcups  >&5
configure:4822: $? = 0
configure:4832: result: yes
configure:4848: checking for stdio.h
configure:4848: gcc -c -g -O2  conftest.c >&5
configure:4848: $? = 0
configure:4848: result: yes
configure:4848: checking for stdlib.h
configure:4848: gcc -c -g -O2  conftest.c >&5
configure:4848: $? = 0
configure:4848: result: yes
configure:4848: checking for string.h
configure:4848: gcc -c -g -O2  conftest.c >&5
configure:4848: $? = 0
configure:4848: result: yes
configure:4848: checking for inttypes.h
configure:4848: gcc -c -g -O2  conftest.c >&5
configure:4848: $? = 0
configure:4848: result: yes
configure:4848: checking for stdint.h
configure:4848: gcc -c -g -O2  conftest.c >&5
configure:4848: $? = 0
configure:4848: result: yes
configure:4848: checking for strings.h
configure:4848: gcc -c -g -O2  conftest.c >&5
configure:4848: $? = 0
configure:4848: result: yes
configure:4848: checking for sys/stat.h
configure:4848: gcc -c -g -O2  conftest.c >&5
configure:4848: $? = 0
configure:4848: result: yes
configure:4848: checking for sys/types.h
configure:4848: gcc -c -g -O2  conftest.c >&5
configure:4848: $? = 0
configure:4848: result: yes
configure:4848: checking for unistd.h
configure:4848: gcc -c -g -O2  conftest.c >&5
configure:4848: $? = 0
configure:4848: result: yes
configure:4876: checking for cups/cups.h
configure:4876: gcc -c -g -O2  conftest.c >&5
configure:4876: $? = 0
configure:4876: result: yes
configure:4876: checking for cups/raster.h
configure:4876: gcc -c -g -O2  conftest.c >&5
configure:4876: $? = 0
configure:4876: result: yes
configure:4889: checking for pthread_create in -lpthread
configure:4912: gcc -o conftest -g -O2   conftest.c -lpthread  -lcupsimage -lcups  >&5
configure:4912: $? = 0
configure:4922: result: yes
configure:4936: checking for pthread.h
configure:4936: gcc -c -g -O2  conftest.c >&5
configure:4936: $? = 0
configure:4936: result: yes
configure:5019: checking for g++
configure:5040: found /usr/bin/g++
configure:5051: result: g++
configure:5078: checking for C++ compiler version
configure:5087: g++ --version >&5
g++ (Ubuntu 13.2.0-23ubuntu4) 13.2.0
Copyright (C) 2023 Free Software Foundation, Inc.
This is free software; see the source for copying conditions.  There is NO
warranty; not even for MERCHANTABILITY or FITNESS FOR A PARTICULAR PURPOSE.

configure:5098: $? = 0
configure:5087: g++ -v >&5
Using built-in specs.
COLLECT_GCC=g++
COLLECT_LTO_WRAPPER=/usr/libexec/gcc/x86_64-linux-gnu/13/lto-wrapper
OFFLOAD_TARGET_NAMES=nvptx-none:amdgcn-amdhsa
OFFLOAD_TARGET_DEFAULT=1
Target: x86_64-linux-gnu
Configured with: ../src/configure -v --with-pkgversion='Ubuntu 13.2.0-23ubuntu4' --with-bugurl=file:///usr/share/doc/gcc-13/README.Bugs --enable-languages=c,ada,c++,go,d,fortran,objc,obj-c++,m2 --prefix=/usr --with-gcc-major-version-only --program-suffix=-13 --program-prefix=x86_64-linux-gnu- --enable-shared --enable-linker-build-id --libexecdir=/usr/libexec --without-included-gettext --enable-threads=posix --libdir=/usr/lib --enable-nls --enable-clocale=gnu --enable-libstdcxx-debug --enable-libstdcxx-time=yes --with-default-libstdcxx-abi=new --enable-libstdcxx-backtrace --enable-gnu-unique-object --disable-vtable-verify --enable-plugin --enable-default-pie --with-system-zlib --enable-libphobos-checking=release --with-target-system-zlib=auto --enable-objc-gc=auto --enable-multiarch --disable-werror --enable-cet --with-arch-32=i686 --with-abi=m64 --with-multilib-list=m32,m64,mx32 --enable-multilib --with-tune=generic --enable-offload-targets=nvptx-none=/build/gcc-13-uJ7kn6/gcc-13-13.2.0/debian/tmp-nvptx/usr,amdgcn-amdhsa=/build/gcc-13-uJ7kn6/gcc-13-13.2.0/debian/tmp-gcn/usr --enable-offload-defaulted --without-cuda-driver --enable-checking=release --build=x86_64-linux-gnu --host=x86_64-linux-gnu --target=x86_64-linux-gnu
Thread model: posix
Supported LTO compression algorithms: zlib zstd
gcc version 13.2.0 (Ubuntu 13.2.0-23ubuntu4) 
... rest of stderr output deleted ...
configure:5098: $? = 0
configure:5087: g++ -V >&5
g++: error: unrecognized command-line option '-V'
g++: fatal error: no input files
compilation terminated.
configure:5098: $? = 1
configure:5087: g++ -qversion >&5
g++: error: unrecognized command-line option '-qversion'; did you mean '--version'?
g++: fatal error: no input files
compilation terminated.
configure:5098: $? = 1
configure:5102: checking whether the compiler supports GNU C++
configure:5122: g++ -c -O2 -Wall -Wno-unknown-pragmas    conftest.cpp >&5
configure:5122: $? = 0
configure:5132: result: yes
configure:5143: checking whether g++ accepts -g
configure:5164: g++ -c -g  conftest.cpp >&5
configure:5164: $? = 0
configure:5208: result: yes
configure:5228: checking for g++ option to enable C++11 features
configure:5243: g++  -c -O2 -Wall -Wno-unknown-pragmas    conftest.cpp >&5
conftest.cpp: In function 'int main(int, char**)':
conftest.cpp:150:8: warning: unused variable 'a1' [-Wunused-variable]
  150 |   auto a1 = 6538;
      |        ^~
conftest.cpp:157:16: warning: unused variable 'a4' [-Wunused-variable]
  157 |   decltype(a2) a4 = 34895.034;
      |                ^~
conftest.cpp:161:9: warning: unused variable 'sa' [-Wunused-variable]
  161 |   short sa[cxx11test::get_val()] = { 0 };
      |         ^~
conftest.cpp:165:23: warning: unused variable 'il' [-Wunused-variable]
  165 |   cxx11test::testinit il = { 4323, 435234.23544 };
      |                       ^~
conftest.cpp:186:8: warning: unused variable 'a' [-Wunused-variable]
  186 |   auto a = sum(1);
      |        ^
conftest.cpp:187:8: warning: unused variable 'b' [-Wunused-variable]
  187 |   auto b = sum(1, 2);
      |        ^
conftest.cpp:188:8: warning: unused variable 'c' [-Wunused-variable]
  188 |   auto c = sum(1.0, 2.0, 3.0);
      |        ^
conftest.cpp:193:25: warning: empty parentheses were disambiguated as a function declaration [-Wvexing-parse]
  193 |   cxx11test::delegate d2();
      |                         ^~
conftest.cpp:193:25: note: remove parentheses to default-initialize a variable
  193 |   cxx11test::delegate d2();
      |                         ^~
      |                         --
conftest.cpp:193:25: note: or replace parentheses with braces to value-initialize a variable
conftest.cpp:202:9: warning: unused variable 'c' [-Wunused-variable]
  202 |   char *c = nullptr;
      |         ^
conftest.cpp:210:15: warning: unused variable 'utf8' [-Wunused-variable]
  210 |   char const *utf8 = u8"UTF-8 string \u2500";
      |               ^~~~
conftest.cpp:211:19: warning: unused variable 'utf16' [-Wunused-variable]
  211 |   char16_t const *utf16 = u"UTF-8 string \u2500";
      |                   ^~~~~
conftest.cpp:212:19: warning: unused variable 'utf32' [-Wunused-variable]
  212 |   char32_t const *utf32 = U"UTF-32 string \u2500";
      |                   ^~~~~
configure:5243: $? = 0
configure:5261: result: none needed
configure:5327: checking dependency style of g++
configure:5439: result: gcc3
configure:5507: checking for gcc
configure:5539: result: gcc
configure:5892: checking for C compiler version
configure:5901: gcc --version >&5
gcc (Ubuntu 13.2.0-23ubuntu4) 13.2.0
Copyright (C) 2023 Free Software Foundation, Inc.
This is free software; see the source for copying conditions.  There is NO
warranty; not even for MERCHANTABILITY or FITNESS FOR A PARTICULAR PURPOSE.

configure:5912: $? = 0
configure:5901: gcc -v >&5
Using built-in specs.
COLLECT_GCC=gcc
COLLECT_LTO_WRAPPER=/usr/libexec/gcc/x86_64-linux-gnu/13/lto-wrapper
OFFLOAD_TARGET_NAMES=nvptx-none:amdgcn-amdhsa
OFFLOAD_TARGET_DEFAULT=1
Target: x86_64-linux-gnu
Configured with: ../src/configure -v --with-pkgversion='Ubuntu 13.2.0-23ubuntu4' --with-bugurl=file:///usr/share/doc/gcc-13/README.Bugs --enable-languages=c,ada,c++,go,d,fortran,objc,obj-c++,m2 --prefix=/usr --with-gcc-major-version-only --program-suffix=-13 --program-prefix=x86_64-linux-gnu- --enable-shared --enable-linker-build-id --libexecdir=/usr/libexec --without-included-gettext --enable-threads=posix --libdir=/usr/lib --enable-nls --enable-clocale=gnu --enable-libstdcxx-debug --enable-libstdcxx-time=yes --with-default-libstdcxx-abi=new --enable-libstdcxx-backtrace --enable-gnu-unique-object --disable-vtable-verify --enable-plugin --enable-default-pie --with-system-zlib --enable-libphobos-checking=release --with-target-system-zlib=auto --enable-objc-gc=auto --enable-multiarch --disable-werror --enable-cet --with-arch-32=i686 --with-abi=m64 --with-multilib-list=m32,m64,mx32 --enable-multilib --with-tune=generic --enable-offload-targets=nvptx-none=/build/gcc-13-uJ7kn6/gcc-13-13.2.0/debian/tmp-nvptx/usr,amdgcn-amdhsa=/build/gcc-13-uJ7kn6/gcc-13-13.2.0/debian/tmp-gcn/usr --enable-offload-defaulted --without-cuda-driver --enable-checking=release --build=x86_64-linux-gnu --host=x86_64-linux-gnu --target=x86_64-linux-gnu
Thread model: posix
Supported LTO compression algorithms: zlib zstd
gcc version 13.2.0 (Ubuntu 13.2.0-23ubuntu4) 
... rest of stderr output deleted ...
configure:5912: $? = 0
configure:5901: gcc -V >&5
gcc: error: unrecognized command-line option '-V'
gcc: fatal error: no input files
compilation terminated.
configure:5912: $? = 1
configure:5901: gcc -qversion >&5
gcc: error: unrecognized command-line option '-qversion'; did you mean '--version'?
gcc: fatal error: no input files
compilation terminated.
configure:5912: $? = 1
configure:5901: gcc -version >&5
gcc: error: unrecognized command-line option '-version'
gcc: fatal error: no input files
compilation terminated.
configure:5912: $? = 1
configure:5916: checking whether the compiler supports GNU C
configure:5946: result: yes
configure:5957: checking whether gcc accepts -g
configure:6022: result: yes
configure:6042: checking for gcc option to enable C11 features
configure:6075: result: none needed
configure:6191: checking whether gcc understands -c and -o together
configure:6229: result: yes
configure:6248: checking dependency style of gcc
configure:6360: result: gcc3
configure:6379: checking for grep that handles long lines and -e
configure:6443: result: /usr/bin/grep
configure:6451: checking for egrep
configure:6519: result: /usr/bin/grep -E
configure:6525: checking for fcntl.h
configure:6525: gcc -c -g -O2  conftest.c >&5
configure:6525: $? = 0
configure:6525: result: yes
configure:6531: checking for stdlib.h
configure:6531: result: yes
configure:6537: checking for string.h
configure:6537: result: yes
configure:6543: checking for unistd.h
configure:6543: result: yes
configure:6552: checking for _Bool
configure:6552: gcc -c -g -O2  conftest.c >&5
configure:6552: $? = 0
configure:6552: gcc -c -g -O2  conftest.c >&5
conftest.c: In function 'main':
conftest.c:62:20: error: expected expression before ')' token
   62 | if (sizeof ((_Bool)))
      |                    ^
configure:6552: $? = 1
configure: failed program was:
| /* confdefs.h */
| #define PACKAGE_NAME "dymo-cups-drivers"
| #define PACKAGE_TARNAME "dymo-cups-drivers"
| #define PACKAGE_VERSION "2.0.0.0"
| #define PACKAGE_STRING "dymo-cups-drivers 2.0.0.0"
| #define PACKAGE_BUGREPORT "philipp.ineichen@dymo.com"
| #define PACKAGE_URL ""
| #define PACKAGE "dymo-cups-drivers"
| #define VERSION "2.0.0.0"
| #define HAVE_LIBCUPS 1
| #define HAVE_LIBCUPSIMAGE 1
| #define HAVE_STDIO_H 1
| #define HAVE_STDLIB_H 1
| #define HAVE_STRING_H 1
| #define HAVE_INTTYPES_H 1
| #define HAVE_STDINT_H 1
| #define HAVE_STRINGS_H 1
| #define HAVE_SYS_STAT_H 1
| #define HAVE_SYS_TYPES_H 1
| #define HAVE_UNISTD_H 1
| #define STDC_HEADERS 1
| #define HAVE_CUPS_CUPS_H 1
| #define HAVE_CUPS_RASTER_H 1
| #define HAVE_LIBPTHREAD 1
| #define HAVE_PTHREAD_H 1
| #define HAVE_FCNTL_H 1
| #define HAVE_STDLIB_H 1
| #define HAVE_STRING_H 1
| #define HAVE_UNISTD_H 1
| /* end confdefs.h.  */
| #include <stddef.h>
| #ifdef HAVE_STDIO_H
| # include <stdio.h>
| #endif
| #ifdef HAVE_STDLIB_H
| # include <stdlib.h>
| #endif
| #ifdef HAVE_STRING_H
| # include <string.h>
| #endif
| #ifdef HAVE_INTTYPES_H
| # include <inttypes.h>
| #endif
| #ifdef HAVE_STDINT_H
| # include <stdint.h>
| #endif
| #ifdef HAVE_STRINGS_H
| # include <strings.h>
| #endif
| #ifdef HAVE_SYS_TYPES_H
| # include <sys/types.h>
| #endif
| #ifdef HAVE_SYS_STAT_H
| # include <sys/stat.h>
| #endif
| #ifdef HAVE_UNISTD_H
| # include <unistd.h>
| #endif
| int
| main (void)
| {
| if (sizeof ((_Bool)))
| 	    return 0;
|   ;
|   return 0;
| }
configure:6552: result: yes
configure:6561: checking for stdbool.h that conforms to C99
configure:6677: gcc -c -g -O2  conftest.c >&5
configure:6677: $? = 0
configure:6685: result: yes
configure:6694: checking for an ANSI C-conforming const
configure:6761: gcc -c -g -O2  conftest.c >&5
configure:6761: $? = 0
configure:6769: result: yes
configure:6777: checking for inline
configure:6794: gcc -c -g -O2  conftest.c >&5
configure:6794: $? = 0
configure:6803: result: inline
configure:6821: checking for size_t
configure:6821: gcc -c -g -O2  conftest.c >&5
configure:6821: $? = 0
configure:6821: gcc -c -g -O2  conftest.c >&5
conftest.c: In function 'main':
conftest.c:64:21: error: expected expression before ')' token
   64 | if (sizeof ((size_t)))
      |                     ^
configure:6821: $? = 1
configure: failed program was:
| /* confdefs.h */
| #define PACKAGE_NAME "dymo-cups-drivers"
| #define PACKAGE_TARNAME "dymo-cups-drivers"
| #define PACKAGE_VERSION "2.0.0.0"
| #define PACKAGE_STRING "dymo-cups-drivers 2.0.0.0"
| #define PACKAGE_BUGREPORT "philipp.ineichen@dymo.com"
| #define PACKAGE_URL ""
| #define PACKAGE "dymo-cups-drivers"
| #define VERSION "2.0.0.0"
| #define HAVE_LIBCUPS 1
| #define HAVE_LIBCUPSIMAGE 1
| #define HAVE_STDIO_H 1
| #define HAVE_STDLIB_H 1
| #define HAVE_STRING_H 1
| #define HAVE_INTTYPES_H 1
| #define HAVE_STDINT_H 1
| #define HAVE_STRINGS_H 1
| #define HAVE_SYS_STAT_H 1
| #define HAVE_SYS_TYPES_H 1
| #define HAVE_UNISTD_H 1
| #define STDC_HEADERS 1
| #define HAVE_CUPS_CUPS_H 1
| #define HAVE_CUPS_RASTER_H 1
| #define HAVE_LIBPTHREAD 1
| #define HAVE_PTHREAD_H 1
| #define HAVE_FCNTL_H 1
| #define HAVE_STDLIB_H 1
| #define HAVE_STRING_H 1
| #define HAVE_UNISTD_H 1
| #define HAVE__BOOL 1
| #define HAVE_STDBOOL_H 1
| /* end confdefs.h.  */
| #include <stddef.h>
| #ifdef HAVE_STDIO_H
| # include <stdio.h>
| #endif
| #ifdef HAVE_STDLIB_H
| # include <stdlib.h>
| #endif
| #ifdef HAVE_STRING_H
| # include <string.h>
| #endif
| #ifdef HAVE_INTTYPES_H
| # include <inttypes.h>
| #endif
| #ifdef HAVE_STDINT_H
| # include <stdint.h>
| #endif
| #ifdef HAVE_STRINGS_H
| # include <strings.h>
| #endif
| #ifdef HAVE_SYS_TYPES_H
| # include <sys/types.h>
| #endif
| #ifdef HAVE_SYS_STAT_H
| # include <sys/stat.h>
| #endif
| #ifdef HAVE_UNISTD_H
| # include <unistd.h>
| #endif
| int
| main (void)
| {
| if (sizeof ((size_t)))
| 	    return 0;
|   ;
|   return 0;
| }
configure:6821: result: yes
configure:6833: checking for memset
configure:6833: gcc -o conftest -g -O2   conftest.c -lpthread -lcupsimage -lcups  >&5
conftest.c:49:6: warning: conflicting types for built-in function 'memset'; expected 'void *(void *, int,  long unsigned int)' [-Wbuiltin-declaration-mismatch]
   49 | char memset ();
      |      ^~~~~~
conftest.c:41:1: note: 'memset' is declared in header '<string.h>'
   40 | #include <limits.h>
   41 | #undef memset
configure:6833: $? = 0
configure:6833: result: yes
configure:6839: checking for strcasecmp
configure:6839: gcc -o conftest -g -O2   conftest.c -lpthread -lcupsimage -lcups  >&5
conftest.c:50:6: warning: conflicting types for built-in function 'strcasecmp'; expected 'int(const char *, const char *)' [-Wbuiltin-declaration-mismatch]
   50 | char strcasecmp ();
      |      ^~~~~~~~~~
configure:6839: $? = 0
configure:6839: result: yes
configure:6950: checking that generated files are newer than configure
configure:6956: result: done
configure:6991: creating ./config.status

## ---------------- ##
## Cache variables. ##
## ---------------- ##

ac_cv_c_compiler_gnu=yes
ac_cv_c_const=yes
ac_cv_c_inline=inline
ac_cv_cxx_compiler_gnu=yes
ac_cv_env_CCC_set=
ac_cv_env_CCC_value=
ac_cv_env_CC_set=
ac_cv_env_CC_value=
ac_cv_env_CFLAGS_set=
ac_cv_env_CFLAGS_value=
ac_cv_env_CPPFLAGS_set=
ac_cv_env_CPPFLAGS_value=
ac_cv_env_CXXFLAGS_set=
ac_cv_env_CXXFLAGS_value=
ac_cv_env_CXX_set=
ac_cv_env_CXX_value=
ac_cv_env_LDFLAGS_set=
ac_cv_env_LDFLAGS_value=
ac_cv_env_LIBS_set=
ac_cv_env_LIBS_value=
ac_cv_env_build_alias_set=
ac_cv_env_build_alias_value=
ac_cv_env_host_alias_set=
ac_cv_env_host_alias_value=
ac_cv_env_target_alias_set=
ac_cv_env_target_alias_value=
ac_cv_func_memset=yes
ac_cv_func_strcasecmp=yes
ac_cv_header_cups_cups_h=yes
ac_cv_header_cups_raster_h=yes
ac_cv_header_fcntl_h=yes
ac_cv_header_inttypes_h=yes
ac_cv_header_pthread_h=yes
ac_cv_header_stdbool_h=yes
ac_cv_header_stdint_h=yes
ac_cv_header_stdio_h=yes
ac_cv_header_stdlib_h=yes
ac_cv_header_string_h=yes
ac_cv_header_strings_h=yes
ac_cv_header_sys_stat_h=yes
ac_cv_header_sys_types_h=yes
ac_cv_header_unistd_h=yes
ac_cv_lib_cups_cupsMarkOptions=yes
ac_cv_lib_cupsimage_cupsRasterReadHeader=yes
ac_cv_lib_pthread_pthread_create=yes
ac_cv_objext=o
ac_cv_path_EGREP='/usr/bin/grep -E'
ac_cv_path_GREP=/usr/bin/grep
ac_cv_path_cupsc=/usr/bin/cups-config
ac_cv_path_install='/usr/bin/install -c'
ac_cv_path_mkdir=/usr/bin/mkdir
ac_cv_prog_AWK=mawk
ac_cv_prog_ac_ct_CC=gcc
ac_cv_prog_ac_ct_CXX=g++
ac_cv_prog_cc_c11=
ac_cv_prog_cc_g=yes
ac_cv_prog_cc_stdc=
ac_cv_prog_cxx_cxx11=
ac_cv_prog_cxx_g=yes
ac_cv_prog_cxx_stdcxx=
ac_cv_prog_make_make_set=yes
ac_cv_type__Bool=yes
ac_cv_type_size_t=yes
am_cv_CC_dependencies_compiler_type=gcc3
am_cv_CXX_dependencies_compiler_type=gcc3
am_cv_make_support_nested_variables=yes
am_cv_prog_cc_c_o=yes

## ----------------- ##
## Output variables. ##
## ----------------- ##

ACLOCAL='aclocal-1.16'
AMDEPBACKSLASH='\'
AMDEP_FALSE='#'
AMDEP_TRUE=''
AMTAR='$${TAR-tar}'
AM_BACKSLASH='\'
AM_DEFAULT_V='$(AM_DEFAULT_VERBOSITY)'
AM_DEFAULT_VERBOSITY='1'
AM_V='$(V)'
AUTOCONF='autoconf'
AUTOHEADER='autoheader'
AUTOMAKE='automake-1.16'
AWK='mawk'
CC='gcc'
CCDEPMODE='depmode=gcc3'
CFLAGS='-g -O2'
CPPFLAGS=''
CSCOPE='cscope'
CTAGS='ctags'
CUPS_LIBS=''
CXX='g++'
CXXDEPMODE='depmode=gcc3'
CXXFLAGS='-O2 -Wall -Wno-unknown-pragmas  '
CYGPATH_W='echo'
DEFS='-DHAVE_CONFIG_H'
DEPDIR='.deps'
ECHO_C=''
ECHO_N='-n'
ECHO_T=''
EGREP='/usr/bin/grep -E'
ETAGS='etags'
EXEEXT=''
GREP='/usr/bin/grep'
INSTALL_DATA='${INSTALL} -m 644'
INSTALL_PROGRAM='${INSTALL}'
INSTALL_SCRIPT='${INSTALL}'
INSTALL_STRIP_PROGRAM='$(install_sh) -c -s'
LDFLAGS=''
LIBOBJS=''
LIBS='-lpthread -lcupsimage -lcups '
LTLIBOBJS=''
MAKEINFO='makeinfo'
MKDIR_P='/usr/bin/mkdir -p'
OBJEXT='o'
PACKAGE='dymo-cups-drivers'
PACKAGE_BUGREPORT='philipp.ineichen@dymo.com'
PACKAGE_NAME='dymo-cups-drivers'
PACKAGE_STRING='dymo-cups-drivers 2.0.0.0'
PACKAGE_TARNAME='dymo-cups-drivers'
PACKAGE_URL=''
PACKAGE_VERSION='2.0.0.0'
PATH_SEPARATOR=':'
SAMPLES_FALSE=''
SAMPLES_TRUE='#'
SET_MAKE=''
SHELL='/bin/bash'
STRIP=''
VERSION='2.0.0.0'
ac_ct_CC='gcc'
ac_ct_CXX='g++'
am__EXEEXT_FALSE=''
am__EXEEXT_TRUE='#'
am__fastdepCC_FALSE='#'
am__fastdepCC_TRUE=''
am__fastdepCXX_FALSE='#'
am__fastdepCXX_TRUE=''
am__include='include'
am__isrc=''
am__leading_dot='.'
am__nodep='_no'
am__quote=''
am__tar='$${TAR-tar} chof - "$$tardir"'
am__untar='$${TAR-tar} xf -'
bindir='${exec_prefix}/bin'
build_alias=''
cups_cflags=''
cupsc='/usr/bin/cups-config'
cupsfilterdir='/usr/lib/cups/filter'
cupsmodeldir='/usr/share/cups/model'
datadir='${datarootdir}'
datarootdir='${prefix}/share'
docdir='${datarootdir}/doc/${PACKAGE_TARNAME}'
dvidir='${docdir}'
exec_prefix='${prefix}'
host_alias=''
htmldir='${docdir}'
includedir='${prefix}/include'
infodir='${datarootdir}/info'
install_sh='${SHELL} /home/sujan/Documents/Drivers/LW5xx_Linux/install-sh'
libdir='${exec_prefix}/lib'
libexecdir='${exec_prefix}/libexec'
localedir='${datarootdir}/locale'
localstatedir='${prefix}/var'
mandir='${datarootdir}/man'
mkdir_p='$(MKDIR_P)'
oldincludedir='/usr/include'
pdfdir='${docdir}'
prefix='/usr/local'
program_transform_name='s,x,x,'
psdir='${docdir}'
runstatedir='${localstatedir}/run'
sbindir='${exec_prefix}/sbin'
sharedstatedir='${prefix}/com'
sysconfdir='${prefix}/etc'
target_alias=''

## ----------- ##
## confdefs.h. ##
## ----------- ##

/* confdefs.h */
#define PACKAGE_NAME "dymo-cups-drivers"
#define PACKAGE_TARNAME "dymo-cups-drivers"
#define PACKAGE_VERSION "2.0.0.0"
#define PACKAGE_STRING "dymo-cups-drivers 2.0.0.0"
#define PACKAGE_BUGREPORT "philipp.ineichen@dymo.com"
#define PACKAGE_URL ""
#define PACKAGE "dymo-cups-drivers"
#define VERSION "2.0.0.0"
#define HAVE_LIBCUPS 1
#define HAVE_LIBCUPSIMAGE 1
#define HAVE_STDIO_H 1
#define HAVE_STDLIB_H 1
#define HAVE_STRING_H 1
#define HAVE_INTTYPES_H 1
#define HAVE_STDINT_H 1
#define HAVE_STRINGS_H 1
#define HAVE_SYS_STAT_H 1
#define HAVE_SYS_TYPES_H 1
#define HAVE_UNISTD_H 1
#define STDC_HEADERS 1
#define HAVE_CUPS_CUPS_H 1
#define HAVE_CUPS_RASTER_H 1
#define HAVE_LIBPTHREAD 1
#define HAVE_PTHREAD_H 1
#define HAVE_FCNTL_H 1
#define HAVE_STDLIB_H 1
#define HAVE_STRING_H 1
#define HAVE_UNISTD_H 1
#define HAVE__BOOL 1
#define HAVE_STDBOOL_H 1
#define HAVE_MEMSET 1
#define HAVE_STRCASECMP 1

configure: exit 0

## ---------------------- ##
## Running config.status. ##
## ---------------------- ##

This file was extended by dymo-cups-drivers config.status 2.0.0.0, which was
generated by GNU Autoconf 2.71.  Invocation command line was

  CONFIG_FILES    = 
  CONFIG_HEADERS  = 
  CONFIG_LINKS    = 
  CONFIG_COMMANDS = 
  $ ./config.status 

on sujan-PC

config.status:889: creating Makefile
config.status:889: creating src/Makefile
config.status:889: creating src/common/tests/Makefile
config.status:889: creating src/lm/Makefile
config.status:889: creating src/lm/tests/Makefile
config.status:889: creating src/lw/Makefile
config.status:889: creating src/lw/tests/Makefile
config.status:889: creating ppd/Makefile
config.status:889: creating docs/Makefile
config.status:889: creating samples/Makefile
config.status:889: creating samples/paper_list/Makefile
config.status:889: creating samples/paper_bounds/Makefile
config.status:889: creating samples/test_label/Makefile
config.status:889: creating samples/custom_paper/Makefile
config.status:889: creating samples/custom_paper_tape/Makefile
config.status:889: creating src/config.h
config.status:1118: executing depfiles commands
config.status:1195: cd src/common/tests       && sed -e '/# am--include-marker/d' Makefile         | make -f - am--depfiles
make[1]: Entering directory '/home/sujan/Documents/Drivers/LW5xx_Linux/src/common/tests'
make[1]: Nothing to be done for 'am--depfiles'.
make[1]: Leaving directory '/home/sujan/Documents/Drivers/LW5xx_Linux/src/common/tests'
config.status:1200: $? = 0
config.status:1195: cd src/lm       && sed -e '/# am--include-marker/d' Makefile         | make -f - am--depfiles
make[1]: Entering directory '/home/sujan/Documents/Drivers/LW5xx_Linux/src/lm'
make[1]: Nothing to be done for 'am--depfiles'.
make[1]: Leaving directory '/home/sujan/Documents/Drivers/LW5xx_Linux/src/lm'
config.status:1200: $? = 0
config.status:1195: cd src/lm/tests       && sed -e '/# am--include-marker/d' Makefile         | make -f - am--depfiles
make[1]: Entering directory '/home/sujan/Documents/Drivers/LW5xx_Linux/src/lm/tests'
make[1]: Nothing to be done for 'am--depfiles'.
make[1]: Leaving directory '/home/sujan/Documents/Drivers/LW5xx_Linux/src/lm/tests'
config.status:1200: $? = 0
config.status:1195: cd src/lw       && sed -e '/# am--include-marker/d' Makefile         | make -f - am--depfiles
make[1]: Entering directory '/home/sujan/Documents/Drivers/LW5xx_Linux/src/lw'
make[1]: Nothing to be done for 'am--depfiles'.
make[1]: Leaving directory '/home/sujan/Documents/Drivers/LW5xx_Linux/src/lw'
config.status:1200: $? = 0
config.status:1195: cd src/lw/tests       && sed -e '/# am--include-marker/d' Makefile         | make -f - am--depfiles
make[1]: Entering directory '/home/sujan/Documents/Drivers/LW5xx_Linux/src/lw/tests'
make[1]: Nothing to be done for 'am--depfiles'.
make[1]: Leaving directory '/home/sujan/Documents/Drivers/LW5xx_Linux/src/lw/tests'
config.status:1200: $? = 0
config.status:1195: cd samples/paper_list       && sed -e '/# am--include-marker/d' Makefile         | make -f - am--depfiles
make[1]: Entering directory '/home/sujan/Documents/Drivers/LW5xx_Linux/samples/paper_list'
make[1]: Nothing to be done for 'am--depfiles'.
make[1]: Leaving directory '/home/sujan/Documents/Drivers/LW5xx_Linux/samples/paper_list'
config.status:1200: $? = 0
config.status:1195: cd samples/paper_bounds       && sed -e '/# am--include-marker/d' Makefile         | make -f - am--depfiles
make[1]: Entering directory '/home/sujan/Documents/Drivers/LW5xx_Linux/samples/paper_bounds'
make[1]: Nothing to be done for 'am--depfiles'.
make[1]: Leaving directory '/home/sujan/Documents/Drivers/LW5xx_Linux/samples/paper_bounds'
config.status:1200: $? = 0
config.status:1195: cd samples/test_label       && sed -e '/# am--include-marker/d' Makefile         | make -f - am--depfiles
make[1]: Entering directory '/home/sujan/Documents/Drivers/LW5xx_Linux/samples/test_label'
make[1]: Nothing to be done for 'am--depfiles'.
make[1]: Leaving directory '/home/sujan/Documents/Drivers/LW5xx_Linux/samples/test_label'
config.status:1200: $? = 0
config.status:1195: cd samples/custom_paper       && sed -e '/# am--include-marker/d' Makefile         | make -f - am--depfiles
make[1]: Entering directory '/home/sujan/Documents/Drivers/LW5xx_Linux/samples/custom_paper'
make[1]: Nothing to be done for 'am--depfiles'.
make[1]: Leaving directory '/home/sujan/Documents/Drivers/LW5xx_Linux/samples/custom_paper'
config.status:1200: $? = 0
config.status:1195: cd samples/custom_paper_tape       && sed -e '/# am--include-marker/d' Makefile         | make -f - am--depfiles
make[1]: Entering directory '/home/sujan/Documents/Drivers/LW5xx_Linux/samples/custom_paper_tape'
make[1]: Nothing to be done for 'am--depfiles'.
make[1]: Leaving directory '/home/sujan/Documents/Drivers/LW5xx_Linux/samples/custom_paper_tape'
config.status:1200: $? = 0

## ---------------------- ##
## Running config.status. ##
## ---------------------- ##

This file was extended by dymo-cups-drivers config.status 2.0.0.0, which was
generated by GNU Autoconf 2.71.  Invocation command line was

  CONFIG_FILES    = 
  CONFIG_HEADERS  = 
  CONFIG_LINKS    = 
  CONFIG_COMMANDS = 
  $ ./config.status src/config.h

on sujan-PC

config.status:889: creating src/config.h
