This file contains any messages produced by compilers while
running configure, to aid debugging if configure makes a mistake.

It was created by dymo-cups-drivers configure 1.4.0.5, which was
generated by GNU Autoconf 2.71.  Invocation command line was

  $ ./configure

## --------- ##
## Platform. ##
## --------- ##

hostname = sujan-PC
uname -m = x86_64
uname -r = 6.8.0-31-generic
uname -s = Linux
uname -v = #31-Ubuntu SMP PREEMPT_DYNAMIC Sat Apr 20 00:40:06 UTC 2024

/usr/bin/uname -p = x86_64
/bin/uname -X     = unknown

/bin/arch              = x86_64
/usr/bin/arch -k       = unknown
/usr/convex/getsysinfo = unknown
/usr/bin/hostinfo      = unknown
/bin/machine           = unknown
/usr/bin/oslevel       = unknown
/bin/universe          = unknown

PATH: /usr/local/cuda-11.2/bin/
PATH: /home/sujan/anaconda3/bin/
PATH: /home/sujan/anaconda3/condabin/
PATH: /usr/local/sbin/
PATH: /usr/local/bin/
PATH: /usr/sbin/
PATH: /usr/bin/
PATH: /sbin/
PATH: /bin/
PATH: /usr/games/
PATH: /usr/local/games/
PATH: /snap/bin/


## ----------- ##
## Core tests. ##
## ----------- ##

configure:2617: looking for aux files: compile missing install-sh
configure:2630:  trying ./
configure:2659:   ./compile found
configure:2659:   ./missing found
configure:2641:   ./install-sh found
configure:2788: checking for a BSD-compatible install
configure:2861: result: /usr/bin/install -c
configure:2872: checking whether build environment is sane
configure:2927: result: yes
configure:2962: WARNING: 'missing' script is too old or missing
configure:3086: checking for a race-free mkdir -p
configure:3130: result: /usr/bin/mkdir -p
configure:3137: checking for gawk
configure:3172: result: no
configure:3137: checking for mawk
configure:3158: found /usr/bin/mawk
configure:3169: result: mawk
configure:3180: checking whether make sets $(MAKE)
configure:3203: result: yes
configure:3233: checking whether make supports nested variables
configure:3251: result: yes
configure:3412: checking for cups-config
configure:3435: found /usr/bin/cups-config
configure:3447: result: /usr/bin/cups-config
configure:3529: checking whether make supports the include directive
configure:3544: make -f confmf.GNU && cat confinc.out
this is the am__doit target
configure:3547: $? = 0
configure:3566: result: yes (GNU style)
configure:3642: checking for gcc
configure:3663: found /usr/bin/gcc
configure:3674: result: gcc
configure:4027: checking for C compiler version
configure:4036: gcc --version >&5
gcc (Ubuntu 13.2.0-23ubuntu4) 13.2.0
Copyright (C) 2023 Free Software Foundation, Inc.
This is free software; see the source for copying conditions.  There is NO
warranty; not even for MERCHANTABILITY or FITNESS FOR A PARTICULAR PURPOSE.

configure:4047: $? = 0
configure:4036: gcc -v >&5
Using built-in specs.
COLLECT_GCC=gcc
COLLECT_LTO_WRAPPER=/usr/libexec/gcc/x86_64-linux-gnu/13/lto-wrapper
OFFLOAD_TARGET_NAMES=nvptx-none:amdgcn-amdhsa
OFFLOAD_TARGET_DEFAULT=1
Target: x86_64-linux-gnu
Configured with: ../src/configure -v --with-pkgversion='Ubuntu 13.2.0-23ubuntu4' --with-bugurl=file:///usr/share/doc/gcc-13/README.Bugs --enable-languages=c,ada,c++,go,d,fortran,objc,obj-c++,m2 --prefix=/usr --with-gcc-major-version-only --program-suffix=-13 --program-prefix=x86_64-linux-gnu- --enable-shared --enable-linker-build-id --libexecdir=/usr/libexec --without-included-gettext --enable-threads=posix --libdir=/usr/lib --enable-nls --enable-clocale=gnu --enable-libstdcxx-debug --enable-libstdcxx-time=yes --with-default-libstdcxx-abi=new --enable-libstdcxx-backtrace --enable-gnu-unique-object --disable-vtable-verify --enable-plugin --enable-default-pie --with-system-zlib --enable-libphobos-checking=release --with-target-system-zlib=auto --enable-objc-gc=auto --enable-multiarch --disable-werror --enable-cet --with-arch-32=i686 --with-abi=m64 --with-multilib-list=m32,m64,mx32 --enable-multilib --with-tune=generic --enable-offload-targets=nvptx-none=/build/gcc-13-uJ7kn6/gcc-13-13.2.0/debian/tmp-nvptx/usr,amdgcn-amdhsa=/build/gcc-13-uJ7kn6/gcc-13-13.2.0/debian/tmp-gcn/usr --enable-offload-defaulted --without-cuda-driver --enable-checking=release --build=x86_64-linux-gnu --host=x86_64-linux-gnu --target=x86_64-linux-gnu
Thread model: posix
Supported LTO compression algorithms: zlib zstd
gcc version 13.2.0 (Ubuntu 13.2.0-23ubuntu4) 
... rest of stderr output deleted ...
configure:4047: $? = 0
configure:4036: gcc -V >&5
gcc: error: unrecognized command-line option '-V'
gcc: fatal error: no input files
compilation terminated.
configure:4047: $? = 1
configure:4036: gcc -qversion >&5
gcc: error: unrecognized command-line option '-qversion'; did you mean '--version'?
gcc: fatal error: no input files
compilation terminated.
configure:4047: $? = 1
configure:4036: gcc -version >&5
gcc: error: unrecognized command-line option '-version'
gcc: fatal error: no input files
compilation terminated.
configure:4047: $? = 1
configure:4067: checking whether the C compiler works
configure:4089: gcc    conftest.c  >&5
configure:4093: $? = 0
configure:4143: result: yes
configure:4146: checking for C compiler default output file name
configure:4148: result: a.out
configure:4154: checking for suffix of executables
configure:4161: gcc -o conftest    conftest.c  >&5
configure:4165: $? = 0
configure:4188: result: 
configure:4210: checking whether we are cross compiling
configure:4218: gcc -o conftest    conftest.c  >&5
configure:4222: $? = 0
configure:4229: ./conftest
configure:4233: $? = 0
configure:4248: result: no
configure:4253: checking for suffix of object files
configure:4276: gcc -c   conftest.c >&5
configure:4280: $? = 0
configure:4302: result: o
configure:4306: checking whether the compiler supports GNU C
configure:4326: gcc -c   conftest.c >&5
configure:4326: $? = 0
configure:4336: result: yes
configure:4347: checking whether gcc accepts -g
configure:4368: gcc -c -g  conftest.c >&5
configure:4368: $? = 0
configure:4412: result: yes
configure:4432: checking for gcc option to enable C11 features
configure:4447: gcc  -c -g -O2  conftest.c >&5
configure:4447: $? = 0
configure:4465: result: none needed
configure:4581: checking whether gcc understands -c and -o together
configure:4604: gcc -c conftest.c -o conftest2.o
configure:4607: $? = 0
configure:4604: gcc -c conftest.c -o conftest2.o
configure:4607: $? = 0
configure:4619: result: yes
configure:4638: checking dependency style of gcc
configure:4750: result: gcc3
configure:4766: checking for cupsMarkOptions in -lcups
configure:4789: gcc -o conftest -g -O2   conftest.c -lcups   >&5
configure:4789: $? = 0
configure:4799: result: yes
configure:4811: checking for cupsRasterReadHeader in -lcupsimage
configure:4834: gcc -o conftest -g -O2   conftest.c -lcupsimage  -lcups  >&5
configure:4834: $? = 0
configure:4844: result: yes
configure:4860: checking for stdio.h
configure:4860: gcc -c -g -O2  conftest.c >&5
configure:4860: $? = 0
configure:4860: result: yes
configure:4860: checking for stdlib.h
configure:4860: gcc -c -g -O2  conftest.c >&5
configure:4860: $? = 0
configure:4860: result: yes
configure:4860: checking for string.h
configure:4860: gcc -c -g -O2  conftest.c >&5
configure:4860: $? = 0
configure:4860: result: yes
configure:4860: checking for inttypes.h
configure:4860: gcc -c -g -O2  conftest.c >&5
configure:4860: $? = 0
configure:4860: result: yes
configure:4860: checking for stdint.h
configure:4860: gcc -c -g -O2  conftest.c >&5
configure:4860: $? = 0
configure:4860: result: yes
configure:4860: checking for strings.h
configure:4860: gcc -c -g -O2  conftest.c >&5
configure:4860: $? = 0
configure:4860: result: yes
configure:4860: checking for sys/stat.h
configure:4860: gcc -c -g -O2  conftest.c >&5
configure:4860: $? = 0
configure:4860: result: yes
configure:4860: checking for sys/types.h
configure:4860: gcc -c -g -O2  conftest.c >&5
configure:4860: $? = 0
configure:4860: result: yes
configure:4860: checking for unistd.h
configure:4860: gcc -c -g -O2  conftest.c >&5
configure:4860: $? = 0
configure:4860: result: yes
configure:4888: checking for cups/cups.h
configure:4888: gcc -c -g -O2  conftest.c >&5
configure:4888: $? = 0
configure:4888: result: yes
configure:4888: checking for cups/raster.h
configure:4888: gcc -c -g -O2  conftest.c >&5
configure:4888: $? = 0
configure:4888: result: yes
configure:4976: checking for g++
configure:4997: found /usr/bin/g++
configure:5008: result: g++
configure:5035: checking for C++ compiler version
configure:5044: g++ --version >&5
g++ (Ubuntu 13.2.0-23ubuntu4) 13.2.0
Copyright (C) 2023 Free Software Foundation, Inc.
This is free software; see the source for copying conditions.  There is NO
warranty; not even for MERCHANTABILITY or FITNESS FOR A PARTICULAR PURPOSE.

configure:5055: $? = 0
configure:5044: g++ -v >&5
Using built-in specs.
COLLECT_GCC=g++
COLLECT_LTO_WRAPPER=/usr/libexec/gcc/x86_64-linux-gnu/13/lto-wrapper
OFFLOAD_TARGET_NAMES=nvptx-none:amdgcn-amdhsa
OFFLOAD_TARGET_DEFAULT=1
Target: x86_64-linux-gnu
Configured with: ../src/configure -v --with-pkgversion='Ubuntu 13.2.0-23ubuntu4' --with-bugurl=file:///usr/share/doc/gcc-13/README.Bugs --enable-languages=c,ada,c++,go,d,fortran,objc,obj-c++,m2 --prefix=/usr --with-gcc-major-version-only --program-suffix=-13 --program-prefix=x86_64-linux-gnu- --enable-shared --enable-linker-build-id --libexecdir=/usr/libexec --without-included-gettext --enable-threads=posix --libdir=/usr/lib --enable-nls --enable-clocale=gnu --enable-libstdcxx-debug --enable-libstdcxx-time=yes --with-default-libstdcxx-abi=new --enable-libstdcxx-backtrace --enable-gnu-unique-object --disable-vtable-verify --enable-plugin --enable-default-pie --with-system-zlib --enable-libphobos-checking=release --with-target-system-zlib=auto --enable-objc-gc=auto --enable-multiarch --disable-werror --enable-cet --with-arch-32=i686 --with-abi=m64 --with-multilib-list=m32,m64,mx32 --enable-multilib --with-tune=generic --enable-offload-targets=nvptx-none=/build/gcc-13-uJ7kn6/gcc-13-13.2.0/debian/tmp-nvptx/usr,amdgcn-amdhsa=/build/gcc-13-uJ7kn6/gcc-13-13.2.0/debian/tmp-gcn/usr --enable-offload-defaulted --without-cuda-driver --enable-checking=release --build=x86_64-linux-gnu --host=x86_64-linux-gnu --target=x86_64-linux-gnu
Thread model: posix
Supported LTO compression algorithms: zlib zstd
gcc version 13.2.0 (Ubuntu 13.2.0-23ubuntu4) 
... rest of stderr output deleted ...
configure:5055: $? = 0
configure:5044: g++ -V >&5
g++: error: unrecognized command-line option '-V'
g++: fatal error: no input files
compilation terminated.
configure:5055: $? = 1
configure:5044: g++ -qversion >&5
g++: error: unrecognized command-line option '-qversion'; did you mean '--version'?
g++: fatal error: no input files
compilation terminated.
configure:5055: $? = 1
configure:5059: checking whether the compiler supports GNU C++
configure:5079: g++ -c -O2 -Wall -Wno-unknown-pragmas    conftest.cpp >&5
configure:5079: $? = 0
configure:5089: result: yes
configure:5100: checking whether g++ accepts -g
configure:5121: g++ -c -g  conftest.cpp >&5
configure:5121: $? = 0
configure:5165: result: yes
configure:5185: checking for g++ option to enable C++11 features
configure:5200: g++  -c -O2 -Wall -Wno-unknown-pragmas    conftest.cpp >&5
conftest.cpp: In function 'int main(int, char**)':
conftest.cpp:148:8: warning: unused variable 'a1' [-Wunused-variable]
  148 |   auto a1 = 6538;
      |        ^~
conftest.cpp:155:16: warning: unused variable 'a4' [-Wunused-variable]
  155 |   decltype(a2) a4 = 34895.034;
      |                ^~
conftest.cpp:159:9: warning: unused variable 'sa' [-Wunused-variable]
  159 |   short sa[cxx11test::get_val()] = { 0 };
      |         ^~
conftest.cpp:163:23: warning: unused variable 'il' [-Wunused-variable]
  163 |   cxx11test::testinit il = { 4323, 435234.23544 };
      |                       ^~
conftest.cpp:184:8: warning: unused variable 'a' [-Wunused-variable]
  184 |   auto a = sum(1);
      |        ^
conftest.cpp:185:8: warning: unused variable 'b' [-Wunused-variable]
  185 |   auto b = sum(1, 2);
      |        ^
conftest.cpp:186:8: warning: unused variable 'c' [-Wunused-variable]
  186 |   auto c = sum(1.0, 2.0, 3.0);
      |        ^
conftest.cpp:191:25: warning: empty parentheses were disambiguated as a function declaration [-Wvexing-parse]
  191 |   cxx11test::delegate d2();
      |                         ^~
conftest.cpp:191:25: note: remove parentheses to default-initialize a variable
  191 |   cxx11test::delegate d2();
      |                         ^~
      |                         --
conftest.cpp:191:25: note: or replace parentheses with braces to value-initialize a variable
conftest.cpp:200:9: warning: unused variable 'c' [-Wunused-variable]
  200 |   char *c = nullptr;
      |         ^
conftest.cpp:208:15: warning: unused variable 'utf8' [-Wunused-variable]
  208 |   char const *utf8 = u8"UTF-8 string \u2500";
      |               ^~~~
conftest.cpp:209:19: warning: unused variable 'utf16' [-Wunused-variable]
  209 |   char16_t const *utf16 = u"UTF-8 string \u2500";
      |                   ^~~~~
conftest.cpp:210:19: warning: unused variable 'utf32' [-Wunused-variable]
  210 |   char32_t const *utf32 = U"UTF-32 string \u2500";
      |                   ^~~~~
configure:5200: $? = 0
configure:5218: result: none needed
configure:5284: checking dependency style of g++
configure:5396: result: gcc3
configure:5464: checking for gcc
configure:5496: result: gcc
configure:5849: checking for C compiler version
configure:5858: gcc --version >&5
gcc (Ubuntu 13.2.0-23ubuntu4) 13.2.0
Copyright (C) 2023 Free Software Foundation, Inc.
This is free software; see the source for copying conditions.  There is NO
warranty; not even for MERCHANTABILITY or FITNESS FOR A PARTICULAR PURPOSE.

configure:5869: $? = 0
configure:5858: gcc -v >&5
Using built-in specs.
COLLECT_GCC=gcc
COLLECT_LTO_WRAPPER=/usr/libexec/gcc/x86_64-linux-gnu/13/lto-wrapper
OFFLOAD_TARGET_NAMES=nvptx-none:amdgcn-amdhsa
OFFLOAD_TARGET_DEFAULT=1
Target: x86_64-linux-gnu
Configured with: ../src/configure -v --with-pkgversion='Ubuntu 13.2.0-23ubuntu4' --with-bugurl=file:///usr/share/doc/gcc-13/README.Bugs --enable-languages=c,ada,c++,go,d,fortran,objc,obj-c++,m2 --prefix=/usr --with-gcc-major-version-only --program-suffix=-13 --program-prefix=x86_64-linux-gnu- --enable-shared --enable-linker-build-id --libexecdir=/usr/libexec --without-included-gettext --enable-threads=posix --libdir=/usr/lib --enable-nls --enable-clocale=gnu --enable-libstdcxx-debug --enable-libstdcxx-time=yes --with-default-libstdcxx-abi=new --enable-libstdcxx-backtrace --enable-gnu-unique-object --disable-vtable-verify --enable-plugin --enable-default-pie --with-system-zlib --enable-libphobos-checking=release --with-target-system-zlib=auto --enable-objc-gc=auto --enable-multiarch --disable-werror --enable-cet --with-arch-32=i686 --with-abi=m64 --with-multilib-list=m32,m64,mx32 --enable-multilib --with-tune=generic --enable-offload-targets=nvptx-none=/build/gcc-13-uJ7kn6/gcc-13-13.2.0/debian/tmp-nvptx/usr,amdgcn-amdhsa=/build/gcc-13-uJ7kn6/gcc-13-13.2.0/debian/tmp-gcn/usr --enable-offload-defaulted --without-cuda-driver --enable-checking=release --build=x86_64-linux-gnu --host=x86_64-linux-gnu --target=x86_64-linux-gnu
Thread model: posix
Supported LTO compression algorithms: zlib zstd
gcc version 13.2.0 (Ubuntu 13.2.0-23ubuntu4) 
... rest of stderr output deleted ...
configure:5869: $? = 0
configure:5858: gcc -V >&5
gcc: error: unrecognized command-line option '-V'
gcc: fatal error: no input files
compilation terminated.
configure:5869: $? = 1
configure:5858: gcc -qversion >&5
gcc: error: unrecognized command-line option '-qversion'; did you mean '--version'?
gcc: fatal error: no input files
compilation terminated.
configure:5869: $? = 1
configure:5858: gcc -version >&5
gcc: error: unrecognized command-line option '-version'
gcc: fatal error: no input files
compilation terminated.
configure:5869: $? = 1
configure:5873: checking whether the compiler supports GNU C
configure:5903: result: yes
configure:5914: checking whether gcc accepts -g
configure:5979: result: yes
configure:5999: checking for gcc option to enable C11 features
configure:6032: result: none needed
configure:6148: checking whether gcc understands -c and -o together
configure:6186: result: yes
configure:6205: checking dependency style of gcc
configure:6317: result: gcc3
configure:6336: checking for grep that handles long lines and -e
configure:6400: result: /usr/bin/grep
configure:6408: checking for egrep
configure:6476: result: /usr/bin/grep -E
configure:6482: checking for fcntl.h
configure:6482: gcc -c -g -O2  conftest.c >&5
configure:6482: $? = 0
configure:6482: result: yes
configure:6488: checking for stdlib.h
configure:6488: result: yes
configure:6494: checking for string.h
configure:6494: result: yes
configure:6500: checking for unistd.h
configure:6500: result: yes
configure:6509: checking for _Bool
configure:6509: gcc -c -g -O2  conftest.c >&5
configure:6509: $? = 0
configure:6509: gcc -c -g -O2  conftest.c >&5
conftest.c: In function 'main':
conftest.c:60:20: error: expected expression before ')' token
   60 | if (sizeof ((_Bool)))
      |                    ^
configure:6509: $? = 1
configure: failed program was:
| /* confdefs.h */
| #define PACKAGE_NAME "dymo-cups-drivers"
| #define PACKAGE_TARNAME "dymo-cups-drivers"
| #define PACKAGE_VERSION "1.4.0.5"
| #define PACKAGE_STRING "dymo-cups-drivers 1.4.0.5"
| #define PACKAGE_BUGREPORT "vbuzuev@dymo.com"
| #define PACKAGE_URL ""
| #define PACKAGE "dymo-cups-drivers"
| #define VERSION "1.4.0.5"
| #define HAVE_LIBCUPS 1
| #define HAVE_LIBCUPSIMAGE 1
| #define HAVE_STDIO_H 1
| #define HAVE_STDLIB_H 1
| #define HAVE_STRING_H 1
| #define HAVE_INTTYPES_H 1
| #define HAVE_STDINT_H 1
| #define HAVE_STRINGS_H 1
| #define HAVE_SYS_STAT_H 1
| #define HAVE_SYS_TYPES_H 1
| #define HAVE_UNISTD_H 1
| #define STDC_HEADERS 1
| #define HAVE_CUPS_CUPS_H 1
| #define HAVE_CUPS_RASTER_H 1
| #define HAVE_FCNTL_H 1
| #define HAVE_STDLIB_H 1
| #define HAVE_STRING_H 1
| #define HAVE_UNISTD_H 1
| /* end confdefs.h.  */
| #include <stddef.h>
| #ifdef HAVE_STDIO_H
| # include <stdio.h>
| #endif
| #ifdef HAVE_STDLIB_H
| # include <stdlib.h>
| #endif
| #ifdef HAVE_STRING_H
| # include <string.h>
| #endif
| #ifdef HAVE_INTTYPES_H
| # include <inttypes.h>
| #endif
| #ifdef HAVE_STDINT_H
| # include <stdint.h>
| #endif
| #ifdef HAVE_STRINGS_H
| # include <strings.h>
| #endif
| #ifdef HAVE_SYS_TYPES_H
| # include <sys/types.h>
| #endif
| #ifdef HAVE_SYS_STAT_H
| # include <sys/stat.h>
| #endif
| #ifdef HAVE_UNISTD_H
| # include <unistd.h>
| #endif
| int
| main (void)
| {
| if (sizeof ((_Bool)))
| 	    return 0;
|   ;
|   return 0;
| }
configure:6509: result: yes
configure:6518: checking for stdbool.h that conforms to C99
configure:6634: gcc -c -g -O2  conftest.c >&5
configure:6634: $? = 0
configure:6642: result: yes
configure:6651: checking for an ANSI C-conforming const
configure:6718: gcc -c -g -O2  conftest.c >&5
configure:6718: $? = 0
configure:6726: result: yes
configure:6734: checking for inline
configure:6751: gcc -c -g -O2  conftest.c >&5
configure:6751: $? = 0
configure:6760: result: inline
configure:6778: checking for size_t
configure:6778: gcc -c -g -O2  conftest.c >&5
configure:6778: $? = 0
configure:6778: gcc -c -g -O2  conftest.c >&5
conftest.c: In function 'main':
conftest.c:62:21: error: expected expression before ')' token
   62 | if (sizeof ((size_t)))
      |                     ^
configure:6778: $? = 1
configure: failed program was:
| /* confdefs.h */
| #define PACKAGE_NAME "dymo-cups-drivers"
| #define PACKAGE_TARNAME "dymo-cups-drivers"
| #define PACKAGE_VERSION "1.4.0.5"
| #define PACKAGE_STRING "dymo-cups-drivers 1.4.0.5"
| #define PACKAGE_BUGREPORT "vbuzuev@dymo.com"
| #define PACKAGE_URL ""
| #define PACKAGE "dymo-cups-drivers"
| #define VERSION "1.4.0.5"
| #define HAVE_LIBCUPS 1
| #define HAVE_LIBCUPSIMAGE 1
| #define HAVE_STDIO_H 1
| #define HAVE_STDLIB_H 1
| #define HAVE_STRING_H 1
| #define HAVE_INTTYPES_H 1
| #define HAVE_STDINT_H 1
| #define HAVE_STRINGS_H 1
| #define HAVE_SYS_STAT_H 1
| #define HAVE_SYS_TYPES_H 1
| #define HAVE_UNISTD_H 1
| #define STDC_HEADERS 1
| #define HAVE_CUPS_CUPS_H 1
| #define HAVE_CUPS_RASTER_H 1
| #define HAVE_FCNTL_H 1
| #define HAVE_STDLIB_H 1
| #define HAVE_STRING_H 1
| #define HAVE_UNISTD_H 1
| #define HAVE__BOOL 1
| #define HAVE_STDBOOL_H 1
| /* end confdefs.h.  */
| #include <stddef.h>
| #ifdef HAVE_STDIO_H
| # include <stdio.h>
| #endif
| #ifdef HAVE_STDLIB_H
| # include <stdlib.h>
| #endif
| #ifdef HAVE_STRING_H
| # include <string.h>
| #endif
| #ifdef HAVE_INTTYPES_H
| # include <inttypes.h>
| #endif
| #ifdef HAVE_STDINT_H
| # include <stdint.h>
| #endif
| #ifdef HAVE_STRINGS_H
| # include <strings.h>
| #endif
| #ifdef HAVE_SYS_TYPES_H
| # include <sys/types.h>
| #endif
| #ifdef HAVE_SYS_STAT_H
| # include <sys/stat.h>
| #endif
| #ifdef HAVE_UNISTD_H
| # include <unistd.h>
| #endif
| int
| main (void)
| {
| if (sizeof ((size_t)))
| 	    return 0;
|   ;
|   return 0;
| }
configure:6778: result: yes
configure:6790: checking for memset
configure:6790: gcc -o conftest -g -O2   conftest.c -lcupsimage -lcups  >&5
conftest.c:47:6: warning: conflicting types for built-in function 'memset'; expected 'void *(void *, int,  long unsigned int)' [-Wbuiltin-declaration-mismatch]
   47 | char memset ();
      |      ^~~~~~
conftest.c:39:1: note: 'memset' is declared in header '<string.h>'
   38 | #include <limits.h>
   39 | #undef memset
configure:6790: $? = 0
configure:6790: result: yes
configure:6796: checking for strcasecmp
configure:6796: gcc -o conftest -g -O2   conftest.c -lcupsimage -lcups  >&5
conftest.c:48:6: warning: conflicting types for built-in function 'strcasecmp'; expected 'int(const char *, const char *)' [-Wbuiltin-declaration-mismatch]
   48 | char strcasecmp ();
      |      ^~~~~~~~~~
configure:6796: $? = 0
configure:6796: result: yes
configure:6907: checking that generated files are newer than configure
configure:6913: result: done
configure:6948: creating ./config.status

## ---------------------- ##
## Running config.status. ##
## ---------------------- ##

This file was extended by dymo-cups-drivers config.status 1.4.0.5, which was
generated by GNU Autoconf 2.71.  Invocation command line was

  CONFIG_FILES    = 
  CONFIG_HEADERS  = 
  CONFIG_LINKS    = 
  CONFIG_COMMANDS = 
  $ ./config.status 

on sujan-PC

config.status:887: creating Makefile
config.status:887: creating src/Makefile
config.status:887: creating src/common/tests/Makefile
config.status:887: creating src/lm/Makefile
config.status:887: creating src/lm/tests/Makefile
config.status:887: creating src/lw/Makefile
config.status:887: creating src/lw/tests/Makefile
config.status:887: creating ppd/Makefile
config.status:887: creating docs/Makefile
config.status:887: creating samples/Makefile
config.status:887: creating samples/paper_list/Makefile
config.status:887: creating samples/paper_bounds/Makefile
config.status:887: creating samples/test_label/Makefile
config.status:887: creating samples/custom_paper/Makefile
config.status:887: creating samples/custom_paper_tape/Makefile
config.status:887: creating src/config.h
config.status:1068: src/config.h is unchanged
config.status:1116: executing depfiles commands
config.status:1193: cd src/common/tests       && sed -e '/# am--include-marker/d' Makefile         | make -f - am--depfiles
make: Nothing to be done for 'am--depfiles'.
config.status:1198: $? = 0
config.status:1193: cd src/lm       && sed -e '/# am--include-marker/d' Makefile         | make -f - am--depfiles
make: Nothing to be done for 'am--depfiles'.
config.status:1198: $? = 0
config.status:1193: cd src/lm/tests       && sed -e '/# am--include-marker/d' Makefile         | make -f - am--depfiles
make: Nothing to be done for 'am--depfiles'.
config.status:1198: $? = 0
config.status:1193: cd src/lw       && sed -e '/# am--include-marker/d' Makefile         | make -f - am--depfiles
make: Nothing to be done for 'am--depfiles'.
config.status:1198: $? = 0
config.status:1193: cd src/lw/tests       && sed -e '/# am--include-marker/d' Makefile         | make -f - am--depfiles
make: Nothing to be done for 'am--depfiles'.
config.status:1198: $? = 0
config.status:1193: cd samples/paper_list       && sed -e '/# am--include-marker/d' Makefile         | make -f - am--depfiles
make: Nothing to be done for 'am--depfiles'.
config.status:1198: $? = 0
config.status:1193: cd samples/paper_bounds       && sed -e '/# am--include-marker/d' Makefile         | make -f - am--depfiles
make: Nothing to be done for 'am--depfiles'.
config.status:1198: $? = 0
config.status:1193: cd samples/test_label       && sed -e '/# am--include-marker/d' Makefile         | make -f - am--depfiles
make: Nothing to be done for 'am--depfiles'.
config.status:1198: $? = 0
config.status:1193: cd samples/custom_paper       && sed -e '/# am--include-marker/d' Makefile         | make -f - am--depfiles
make: Nothing to be done for 'am--depfiles'.
config.status:1198: $? = 0
config.status:1193: cd samples/custom_paper_tape       && sed -e '/# am--include-marker/d' Makefile         | make -f - am--depfiles
make: Nothing to be done for 'am--depfiles'.
config.status:1198: $? = 0

## ---------------- ##
## Cache variables. ##
## ---------------- ##

ac_cv_c_compiler_gnu=yes
ac_cv_c_const=yes
ac_cv_c_inline=inline
ac_cv_cxx_compiler_gnu=yes
ac_cv_env_CCC_set=
ac_cv_env_CCC_value=
ac_cv_env_CC_set=
ac_cv_env_CC_value=
ac_cv_env_CFLAGS_set=
ac_cv_env_CFLAGS_value=
ac_cv_env_CPPFLAGS_set=
ac_cv_env_CPPFLAGS_value=
ac_cv_env_CXXFLAGS_set=
ac_cv_env_CXXFLAGS_value=
ac_cv_env_CXX_set=
ac_cv_env_CXX_value=
ac_cv_env_LDFLAGS_set=
ac_cv_env_LDFLAGS_value=
ac_cv_env_LIBS_set=
ac_cv_env_LIBS_value=
ac_cv_env_build_alias_set=
ac_cv_env_build_alias_value=
ac_cv_env_host_alias_set=
ac_cv_env_host_alias_value=
ac_cv_env_target_alias_set=
ac_cv_env_target_alias_value=
ac_cv_func_memset=yes
ac_cv_func_strcasecmp=yes
ac_cv_header_cups_cups_h=yes
ac_cv_header_cups_raster_h=yes
ac_cv_header_fcntl_h=yes
ac_cv_header_inttypes_h=yes
ac_cv_header_stdbool_h=yes
ac_cv_header_stdint_h=yes
ac_cv_header_stdio_h=yes
ac_cv_header_stdlib_h=yes
ac_cv_header_string_h=yes
ac_cv_header_strings_h=yes
ac_cv_header_sys_stat_h=yes
ac_cv_header_sys_types_h=yes
ac_cv_header_unistd_h=yes
ac_cv_lib_cups_cupsMarkOptions=yes
ac_cv_lib_cupsimage_cupsRasterReadHeader=yes
ac_cv_objext=o
ac_cv_path_EGREP='/usr/bin/grep -E'
ac_cv_path_GREP=/usr/bin/grep
ac_cv_path_cupsc=/usr/bin/cups-config
ac_cv_path_install='/usr/bin/install -c'
ac_cv_path_mkdir=/usr/bin/mkdir
ac_cv_prog_AWK=mawk
ac_cv_prog_ac_ct_CC=gcc
ac_cv_prog_ac_ct_CXX=g++
ac_cv_prog_cc_c11=
ac_cv_prog_cc_g=yes
ac_cv_prog_cc_stdc=
ac_cv_prog_cxx_cxx11=
ac_cv_prog_cxx_g=yes
ac_cv_prog_cxx_stdcxx=
ac_cv_prog_make_make_set=yes
ac_cv_type__Bool=yes
ac_cv_type_size_t=yes
am_cv_CC_dependencies_compiler_type=gcc3
am_cv_CXX_dependencies_compiler_type=gcc3
am_cv_make_support_nested_variables=yes
am_cv_prog_cc_c_o=yes

## ----------------- ##
## Output variables. ##
## ----------------- ##

ACLOCAL='aclocal-1.16'
AMDEPBACKSLASH='\'
AMDEP_FALSE='#'
AMDEP_TRUE=''
AMTAR='$${TAR-tar}'
AM_BACKSLASH='\'
AM_DEFAULT_V='$(AM_DEFAULT_VERBOSITY)'
AM_DEFAULT_VERBOSITY='1'
AM_V='$(V)'
AUTOCONF='autoconf'
AUTOHEADER='autoheader'
AUTOMAKE='automake-1.16'
AWK='mawk'
CC='gcc'
CCDEPMODE='depmode=gcc3'
CFLAGS='-g -O2'
CPPFLAGS=''
CSCOPE='cscope'
CTAGS='ctags'
CUPS_LIBS=''
CXX='g++'
CXXDEPMODE='depmode=gcc3'
CXXFLAGS='-O2 -Wall -Wno-unknown-pragmas  '
CYGPATH_W='echo'
DEFS='-DHAVE_CONFIG_H'
DEPDIR='.deps'
ECHO_C=''
ECHO_N='-n'
ECHO_T=''
EGREP='/usr/bin/grep -E'
ETAGS='etags'
EXEEXT=''
GREP='/usr/bin/grep'
INSTALL_DATA='${INSTALL} -m 644'
INSTALL_PROGRAM='${INSTALL}'
INSTALL_SCRIPT='${INSTALL}'
INSTALL_STRIP_PROGRAM='$(install_sh) -c -s'
LDFLAGS=''
LIBOBJS=''
LIBS='-lcupsimage -lcups '
LTLIBOBJS=''
MAKEINFO='makeinfo'
MKDIR_P='/usr/bin/mkdir -p'
OBJEXT='o'
PACKAGE='dymo-cups-drivers'
PACKAGE_BUGREPORT='vbuzuev@dymo.com'
PACKAGE_NAME='dymo-cups-drivers'
PACKAGE_STRING='dymo-cups-drivers 1.4.0.5'
PACKAGE_TARNAME='dymo-cups-drivers'
PACKAGE_URL=''
PACKAGE_VERSION='1.4.0.5'
PATH_SEPARATOR=':'
SAMPLES_FALSE=''
SAMPLES_TRUE='#'
SET_MAKE=''
SHELL='/bin/bash'
STRIP=''
VERSION='1.4.0.5'
ac_ct_CC='gcc'
ac_ct_CXX='g++'
am__EXEEXT_FALSE=''
am__EXEEXT_TRUE='#'
am__fastdepCC_FALSE='#'
am__fastdepCC_TRUE=''
am__fastdepCXX_FALSE='#'
am__fastdepCXX_TRUE=''
am__include='include'
am__isrc=''
am__leading_dot='.'
am__nodep='_no'
am__quote=''
am__tar='$${TAR-tar} chof - "$$tardir"'
am__untar='$${TAR-tar} xf -'
bindir='${exec_prefix}/bin'
build_alias=''
cups_cflags=''
cupsc='/usr/bin/cups-config'
cupsfilterdir='/usr/lib/cups/filter'
cupsmodeldir='/usr/share/cups/model'
datadir='${datarootdir}'
datarootdir='${prefix}/share'
docdir='${datarootdir}/doc/${PACKAGE_TARNAME}'
dvidir='${docdir}'
exec_prefix='${prefix}'
host_alias=''
htmldir='${docdir}'
includedir='${prefix}/include'
infodir='${datarootdir}/info'
install_sh='${SHELL} /home/sujan/Downloads/dymo-cups-drivers-1.4.0.5/install-sh'
libdir='${exec_prefix}/lib'
libexecdir='${exec_prefix}/libexec'
localedir='${datarootdir}/locale'
localstatedir='${prefix}/var'
mandir='${datarootdir}/man'
mkdir_p='$(MKDIR_P)'
oldincludedir='/usr/include'
pdfdir='${docdir}'
prefix='/usr/local'
program_transform_name='s,x,x,'
psdir='${docdir}'
runstatedir='${localstatedir}/run'
sbindir='${exec_prefix}/sbin'
sharedstatedir='${prefix}/com'
sysconfdir='${prefix}/etc'
target_alias=''

## ----------- ##
## confdefs.h. ##
## ----------- ##

/* confdefs.h */
#define PACKAGE_NAME "dymo-cups-drivers"
#define PACKAGE_TARNAME "dymo-cups-drivers"
#define PACKAGE_VERSION "1.4.0.5"
#define PACKAGE_STRING "dymo-cups-drivers 1.4.0.5"
#define PACKAGE_BUGREPORT "vbuzuev@dymo.com"
#define PACKAGE_URL ""
#define PACKAGE "dymo-cups-drivers"
#define VERSION "1.4.0.5"
#define HAVE_LIBCUPS 1
#define HAVE_LIBCUPSIMAGE 1
#define HAVE_STDIO_H 1
#define HAVE_STDLIB_H 1
#define HAVE_STRING_H 1
#define HAVE_INTTYPES_H 1
#define HAVE_STDINT_H 1
#define HAVE_STRINGS_H 1
#define HAVE_SYS_STAT_H 1
#define HAVE_SYS_TYPES_H 1
#define HAVE_UNISTD_H 1
#define STDC_HEADERS 1
#define HAVE_CUPS_CUPS_H 1
#define HAVE_CUPS_RASTER_H 1
#define HAVE_FCNTL_H 1
#define HAVE_STDLIB_H 1
#define HAVE_STRING_H 1
#define HAVE_UNISTD_H 1
#define HAVE__BOOL 1
#define HAVE_STDBOOL_H 1
#define HAVE_MEMSET 1
#define HAVE_STRCASECMP 1

configure: exit 0
